Сборка начата 16.05.2023 19:43:58.
Уровень детализации журнала: Normal.     1>Проект "D:\Мои документы\Учеба\2 семестр\ОАиП\LABs\lab14\lab14\lab14.vcxproj" в узле 2 (целевые объекты Build).
     1>InitializeBuildStatus:
         Создание "x64\Debug\lab14.tlog\unsuccessfulbuild", так как было задано "AlwaysCreate".
       ClCompile:
         C:\Program Files\Microsoft Visual Studio\2022\Community\VC\Tools\MSVC\14.33.31629\bin\HostX64\x64\CL.exe /c /ZI /JMC /nologo /W3 /WX- /diagnostics:column /sdl /Od /D _DEBUG /D _CONSOLE /D _UNICODE /D UNICODE /Gm- /EHsc /RTC1 /MDd /GS /fp:precise /Zc:wchar_t /Zc:forScope /Zc:inline /permissive- /Fo"x64\Debug\\" /Fd"x64\Debug\vc143.pdb" /external:W3 /Gd /TP /FC /errorReport:prompt lab14.cpp
         lab14.cpp
     1>D:\Мои документы\Учеба\2 семестр\ОАиП\LABs\lab14\lab14\lab14.cpp(11,23): warning C4244: инициализация: преобразование "double" в "int", возможна потеря данных
     1>D:\Мои документы\Учеба\2 семестр\ОАиП\LABs\lab14\lab14\lab14.cpp(12,23): warning C4244: инициализация: преобразование "double" в "int", возможна потеря данных
     1>D:\Мои документы\Учеба\2 семестр\ОАиП\LABs\lab14\lab14\lab14.cpp(140,1): warning C4326: возвращаемый тип "main" должен быть "int", а не "void"
     1>D:\Мои документы\Учеба\2 семестр\ОАиП\LABs\lab14\lab14\lab14.cpp(49): warning C4715: Hash_table::collizion: значение возвращается не при всех путях выполнения
       Link:
         C:\Program Files\Microsoft Visual Studio\2022\Community\VC\Tools\MSVC\14.33.31629\bin\HostX64\x64\link.exe /ERRORREPORT:PROMPT /OUT:"D:\Мои документы\Учеба\2 семестр\ОАиП\LABs\lab14\lab14\x64\Debug\lab14.exe" /INCREMENTAL /ILK:"x64\Debug\lab14.ilk" /NOLOGO kernel32.lib user32.lib gdi32.lib winspool.lib comdlg32.lib advapi32.lib shell32.lib ole32.lib oleaut32.lib uuid.lib odbc32.lib odbccp32.lib /MANIFEST /MANIFESTUAC:"level='asInvoker' uiAccess='false'" /manifest:embed /DEBUG /PDB:"D:\Мои документы\Учеба\2 семестр\ОАиП\LABs\lab14\lab14\x64\Debug\lab14.pdb" /SUBSYSTEM:CONSOLE /TLBID:1 /DYNAMICBASE /NXCOMPAT /IMPLIB:"D:\Мои документы\Учеба\2 семестр\ОАиП\LABs\lab14\lab14\x64\Debug\lab14.lib" /MACHINE:X64 x64\Debug\lab14.obj
         lab14.vcxproj -> D:\Мои документы\Учеба\2 семестр\ОАиП\LABs\lab14\lab14\x64\Debug\lab14.exe
       FinalizeBuildStatus:
         Файл "x64\Debug\lab14.tlog\unsuccessfulbuild" удаляется.
         Обращение к "x64\Debug\lab14.tlog\lab14.lastbuildstate".
     1>Сборка проекта "D:\Мои документы\Учеба\2 семестр\ОАиП\LABs\lab14\lab14\lab14.vcxproj" завершена (целевые объекты Build).

Сборка успешно завершена.

       "D:\Мои документы\Учеба\2 семестр\ОАиП\LABs\lab14\lab14\lab14.vcxproj" (целевой объект Build ) (1) ->
       (Целевой объект ClCompile) -> 
         D:\Мои документы\Учеба\2 семестр\ОАиП\LABs\lab14\lab14\lab14.cpp(11,23): warning C4244: инициализация: преобразование "double" в "int", возможна потеря данных
         D:\Мои документы\Учеба\2 семестр\ОАиП\LABs\lab14\lab14\lab14.cpp(12,23): warning C4244: инициализация: преобразование "double" в "int", возможна потеря данных
         D:\Мои документы\Учеба\2 семестр\ОАиП\LABs\lab14\lab14\lab14.cpp(140,1): warning C4326: возвращаемый тип "main" должен быть "int", а не "void"
         D:\Мои документы\Учеба\2 семестр\ОАиП\LABs\lab14\lab14\lab14.cpp(49): warning C4715: Hash_table::collizion: значение возвращается не при всех путях выполнения

    Предупреждений: 4
    Ошибок: 0

Прошло времени 00:00:02.19
